Using pre-set license
Built from '2020.3/release' branch; Version is '2020.3.15f2 (6cf78cb77498) revision 7141260'; Using compiler version '192528614'; Build Type 'Release'
OS: 'Windows 10 Pro; OS build 19043.1110; Version 2009; 64bit' Language: 'es' Physical Memory: 8094 MB
BatchMode: 1, IsHumanControllingUs: 0, StartBugReporterOnCrash: 0, Is64bit: 1, IsPro: 0

 COMMAND LINE ARGUMENTS:
D:\Disco D\Programas\Instaladores Software\6 SEM\PGM\Unity\2018.4.19f1\2020.3.15f2\Editor\Unity.exe
-adb2
-batchMode
-noUpm
-name
AssetImportWorker1
-projectPath
D:/Disco D/Documentos/UNIFRANZ/Semestre 9/RAV/Proyectos/RV/RV-Dinosaurios
-logFile
Logs/AssetImportWorker1.log
-srvPort
58857
Successfully changed project path to: D:/Disco D/Documentos/UNIFRANZ/Semestre 9/RAV/Proyectos/RV/RV-Dinosaurios
D:/Disco D/Documentos/UNIFRANZ/Semestre 9/RAV/Proyectos/RV/RV-Dinosaurios
Using Asset Import Pipeline V2.
Refreshing native plugins compatible for Editor in 68.28 ms, found 7 plugins.
Preloading 0 native plugins for Editor in 0.00 ms.
Initialize engine version: 2020.3.15f2 (6cf78cb77498)
[Subsystems] Discovering subsystems at path D:/Disco D/Programas/Instaladores Software/6 SEM/PGM/Unity/2018.4.19f1/2020.3.15f2/Editor/Data/Resources/UnitySubsystems
[Subsystems] Discovering subsystems at path D:/Disco D/Documentos/UNIFRANZ/Semestre 9/RAV/Proyectos/RV/RV-Dinosaurios/Assets
GfxDevice: creating device client; threaded=0
Direct3D:
    Version:  Direct3D 11.0 [level 11.0]
    Renderer: Intel(R) HD Graphics 4000 (ID=0x166)
    Vendor:   
    VRAM:     128 MB
    Driver:   10.18.10.4653
Initialize mono
Mono path[0] = 'D:/Disco D/Programas/Instaladores Software/6 SEM/PGM/Unity/2018.4.19f1/2020.3.15f2/Editor/Data/Managed'
Mono path[1] = 'D:/Disco D/Programas/Instaladores Software/6 SEM/PGM/Unity/2018.4.19f1/2020.3.15f2/Editor/Data/MonoBleedingEdge/lib/mono/unityjit'
Mono config path = 'D:/Disco D/Programas/Instaladores Software/6 SEM/PGM/Unity/2018.4.19f1/2020.3.15f2/Editor/Data/MonoBleedingEdge/etc'
Using monoOptions --debugger-agent=transport=dt_socket,embedding=1,server=y,suspend=n,address=127.0.0.1:56724
Begin MonoManager ReloadAssembly
Registering precompiled unity dll's ...
Register platform support module: D:/Disco D/Programas/Instaladores Software/6 SEM/PGM/Unity/2018.4.19f1/2020.3.15f2/Editor/Data/PlaybackEngines/WindowsStandaloneSupport/UnityEditor.WindowsStandalone.Extensions.dll
Registered in 0.027120 seconds.
Native extension for WindowsStandalone target not found
Refreshing native plugins compatible for Editor in 60.08 ms, found 7 plugins.
Preloading 0 native plugins for Editor in 0.00 ms.
Mono: successfully reloaded assembly
- Completed reload, in  8.388 seconds
Domain Reload Profiling:
	ReloadAssembly (8389ms)
		BeginReloadAssembly (84ms)
			ExecutionOrderSort (0ms)
			DisableScriptedObjects (0ms)
			BackupInstance (0ms)
			ReleaseScriptingObjects (0ms)
			CreateAndSetChildDomain (1ms)
		EndReloadAssembly (1042ms)
			LoadAssemblies (82ms)
			RebuildTransferFunctionScriptingTraits (0ms)
			SetupTypeCache (242ms)
			ReleaseScriptCaches (0ms)
			RebuildScriptCaches (50ms)
			SetupLoadedEditorAssemblies (378ms)
				LogAssemblyErrors (0ms)
				InitializePlatformSupportModulesInManaged (5ms)
				SetLoadedEditorAssemblies (0ms)
				RefreshPlugins (60ms)
				BeforeProcessingInitializeOnLoad (11ms)
				ProcessInitializeOnLoadAttributes (121ms)
				ProcessInitializeOnLoadMethodAttributes (180ms)
				AfterProcessingInitializeOnLoad (0ms)
				EditorAssembliesLoaded (0ms)
			ExecutionOrderSort2 (0ms)
			AwakeInstancesAfterBackupRestoration (0ms)
Platform modules already initialized, skipping
Registering precompiled user dll's ...
Registered in 0.267257 seconds.
